[06/22/25, 16:39:56:123] info: 
╔════════════════════════════════════════════════╗
║      Slack 4.42.120, linux 6.12.32 on x64      ║
╚════════════════════════════════════════════════╝ 
[06/22/25, 16:39:56:123] info: Configured logger via 
{
  "enableConsoleTransport": true,
  "identifierOverride": "webapp-service-worker-console",
  "loggerInstanceCount": 2
}
[06/22/25, 16:39:56:123] info: Predefined values for process 
{
  "NODE_ENV": "production",
  "platform": "linux",
  "type": "browser",
  "timeZone": "America/Chicago",
  "PACKAGE_MANIFEST.productName": "Slack",
  "PACKAGE_MANIFEST.version": "4.42.120",
  "PACKAGE_MANIFEST.commit": "985470f",
  "PACKAGE_MANIFEST.branch": "HEAD"
}
[06/22/25, 16:40:35:029] info: 
╔════════════════════════════════════════════════╗
║      Slack 4.42.120, linux 6.12.32 on x64      ║
╚════════════════════════════════════════════════╝ 
[06/22/25, 16:40:35:029] info: Configured logger via 
{
  "enableConsoleTransport": true,
  "identifierOverride": "webapp-service-worker-console",
  "loggerInstanceCount": 2
}
[06/22/25, 16:40:35:029] info: Predefined values for process 
{
  "NODE_ENV": "production",
  "platform": "linux",
  "type": "browser",
  "timeZone": "America/Chicago",
  "PACKAGE_MANIFEST.productName": "Slack",
  "PACKAGE_MANIFEST.version": "4.42.120",
  "PACKAGE_MANIFEST.commit": "985470f",
  "PACKAGE_MANIFEST.branch": "HEAD"
}
